Nothing to compile
No need to generate any newer typings.
Deploying PoCo..
Deploying new RLC token...
New RLC token deployed at: 0x5FbDB2315678afecb367f032d93F642f64180aa3
RLC: 0x5FbDB2315678afecb367f032d93F642f64180aa3
→ CreateX is not yet deployed on this network
→ CreateX successfully deployed at address: 0xba5Ed099633D3B313e4D5F7bdc1305d3c28ba5Ed
Deploying at 0x69F264e0eB7da46Db1f382D8223B1664cC89A9E0
DiamondInit: 0x69F264e0eB7da46Db1f382D8223B1664cC89A9E0
Deploying at 0xfDBc8ff99Bd49abe681F7B487BC57c4e8d1379eB
DiamondCutFacet: 0xfDBc8ff99Bd49abe681F7B487BC57c4e8d1379eB
Deploying at 0x3d20E08795ee1f86155b088F23579F7af8d8C726
DiamondLoupeFacet: 0x3d20E08795ee1f86155b088F23579F7af8d8C726
Deploying at 0x170616e91Ba57a1eC5D8115518d033Dca33BF64b
OwnershipFacet: 0x170616e91Ba57a1eC5D8115518d033Dca33BF64b
Deploying at 0xf9fe02F7064B0a9743A7711943f2B706bFB56c04
Diamond: 0xf9fe02F7064B0a9743A7711943f2B706bFB56c04
IexecInstance found at address: 0xf9fe02F7064B0a9743A7711943f2B706bFB56c04
[Warning] Invalid Fragment {"inputs":[{"components":[{"components":[{"internalType":"address","name":"app","type":"address"},{"internalType":"uint256","name":"appmaxprice","type":"uint256"},{"internalType":"address","name":"dataset","type":"address"},{"internalType":"uint256","name":"datasetmaxprice","type":"uint256"},{"internalType":"address","name":"workerpool","type":"address"},{"internalType":"uint256","name":"workerpoolmaxprice","type":"uint256"},{"internalType":"address","name":"requester","type":"address"},{"internalType":"uint256","name":"volume","type":"uint256"},{"internalType":"bytes32","name":"tag","type":"bytes32"},{"internalType":"uint256","name":"category","type":"uint256"},{"internalType":"uint256","name":"trust","type":"uint256"},{"internalType":"address","name":"beneficiary","type":"address"},{"internalType":"address","name":"callback","type":"address"},{"internalType":"string","name":"params","type":"string"},{"internalType":"bytes32","name":"salt","type":"bytes32"},{"internalType":"bytes","name":"sign","type":"bytes"}],"internalType":"struct IexecLibOrders_v5.RequestOrder","name":"order","type":"tuple"},{"internalType":"enum IexecLibOrders_v5.OrderOperationEnum","name":"operation","type":"IexecLibOrders_v5.OrderOperationEnum"},{"internalType":"bytes","name":"sign","type":"bytes"}],"internalType":"struct IexecLibOrders_v5.RequestOrderOperation","name":"_requestorderoperation","type":"tuple"}],"name":"hash","outputs":[{"internalType":"bytes32","name":"","type":"bytes32"}],"stateMutability":"pure","type":"function"}: invalid type (argument="type", value="IexecLibOrders_v5.OrderOperationEnum", code=INVALID_ARGUMENT, version=6.13.5)
[Warning] Invalid Fragment {"inputs":[{"components":[{"components":[{"internalType":"address","name":"dataset","type":"address"},{"internalType":"uint256","name":"datasetprice","type":"uint256"},{"internalType":"uint256","name":"volume","type":"uint256"},{"internalType":"bytes32","name":"tag","type":"bytes32"},{"internalType":"address","name":"apprestrict","type":"address"},{"internalType":"address","name":"workerpoolrestrict","type":"address"},{"internalType":"address","name":"requesterrestrict","type":"address"},{"internalType":"bytes32","name":"salt","type":"bytes32"},{"internalType":"bytes","name":"sign","type":"bytes"}],"internalType":"struct IexecLibOrders_v5.DatasetOrder","name":"order","type":"tuple"},{"internalType":"enum IexecLibOrders_v5.OrderOperationEnum","name":"operation","type":"IexecLibOrders_v5.OrderOperationEnum"},{"internalType":"bytes","name":"sign","type":"bytes"}],"internalType":"struct IexecLibOrders_v5.DatasetOrderOperation","name":"_datasetorderoperation","type":"tuple"}],"name":"hash","outputs":[{"internalType":"bytes32","name":"","type":"bytes32"}],"stateMutability":"pure","type":"function"}: invalid type (argument="type", value="IexecLibOrders_v5.OrderOperationEnum", code=INVALID_ARGUMENT, version=6.13.5)
[Warning] Invalid Fragment {"inputs":[{"components":[{"components":[{"internalType":"address","name":"workerpool","type":"address"},{"internalType":"uint256","name":"workerpoolprice","type":"uint256"},{"internalType":"uint256","name":"volume","type":"uint256"},{"internalType":"bytes32","name":"tag","type":"bytes32"},{"internalType":"uint256","name":"category","type":"uint256"},{"internalType":"uint256","name":"trust","type":"uint256"},{"internalType":"address","name":"apprestrict","type":"address"},{"internalType":"address","name":"datasetrestrict","type":"address"},{"internalType":"address","name":"requesterrestrict","type":"address"},{"internalType":"bytes32","name":"salt","type":"bytes32"},{"internalType":"bytes","name":"sign","type":"bytes"}],"internalType":"struct IexecLibOrders_v5.WorkerpoolOrder","name":"order","type":"tuple"},{"internalType":"enum IexecLibOrders_v5.OrderOperationEnum","name":"operation","type":"IexecLibOrders_v5.OrderOperationEnum"},{"internalType":"bytes","name":"sign","type":"bytes"}],"internalType":"struct IexecLibOrders_v5.WorkerpoolOrderOperation","name":"_workerpoolorderoperation","type":"tuple"}],"name":"hash","outputs":[{"internalType":"bytes32","name":"","type":"bytes32"}],"stateMutability":"pure","type":"function"}: invalid type (argument="type", value="IexecLibOrders_v5.OrderOperationEnum", code=INVALID_ARGUMENT, version=6.13.5)
[Warning] Invalid Fragment {"inputs":[{"components":[{"components":[{"internalType":"address","name":"app","type":"address"},{"internalType":"uint256","name":"appprice","type":"uint256"},{"internalType":"uint256","name":"volume","type":"uint256"},{"internalType":"bytes32","name":"tag","type":"bytes32"},{"internalType":"address","name":"datasetrestrict","type":"address"},{"internalType":"address","name":"workerpoolrestrict","type":"address"},{"internalType":"address","name":"requesterrestrict","type":"address"},{"internalType":"bytes32","name":"salt","type":"bytes32"},{"internalType":"bytes","name":"sign","type":"bytes"}],"internalType":"struct IexecLibOrders_v5.AppOrder","name":"order","type":"tuple"},{"internalType":"enum IexecLibOrders_v5.OrderOperationEnum","name":"operation","type":"IexecLibOrders_v5.OrderOperationEnum"},{"internalType":"bytes","name":"sign","type":"bytes"}],"internalType":"struct IexecLibOrders_v5.AppOrderOperation","name":"_apporderoperation","type":"tuple"}],"name":"hash","outputs":[{"internalType":"bytes32","name":"","type":"bytes32"}],"stateMutability":"pure","type":"function"}: invalid type (argument="type", value="IexecLibOrders_v5.OrderOperationEnum", code=INVALID_ARGUMENT, version=6.13.5)
Deploying at 0xCa34e763FbB1475FDb76E4Da8FbF2E7003b68E76
IexecLibOrders_v5: 0xCa34e763FbB1475FDb76E4Da8FbF2E7003b68E76
Deploying at 0x5e683f5Cc90c1028e121244d16Fb97F9E300d3F0
IexecAccessorsDelegate: 0x5e683f5Cc90c1028e121244d16Fb97F9E300d3F0
Deploying at 0x744C33fFE9da11d6538783340430a2f610bA770E
IexecAccessorsABILegacyDelegate: 0x744C33fFE9da11d6538783340430a2f610bA770E
Deploying at 0x16ddC1dD3423Bf769eEb0Ffa79dE89D984a49618
IexecCategoryManagerDelegate: 0x16ddC1dD3423Bf769eEb0Ffa79dE89D984a49618
Deploying at 0xD2E17F2aC8A3841D0f62D94a72AF67dCFa76E4D0
IexecERC20Delegate: 0xD2E17F2aC8A3841D0f62D94a72AF67dCFa76E4D0
Deploying at 0x9bEA3455cBa51d41790107ed33Ae79030Af44520
IexecEscrowTokenDelegate: 0x9bEA3455cBa51d41790107ed33Ae79030Af44520
Deploying at 0xf9Aa066866095A7AE729e79D4f791a137E787644
IexecMaintenanceDelegate: 0xf9Aa066866095A7AE729e79D4f791a137E787644
Deploying at 0x5739D8E7C72461A1C1b98eD4037416360A7936D8
IexecOrderManagementDelegate: 0x5739D8E7C72461A1C1b98eD4037416360A7936D8
Deploying at 0xe4ea4458D2eefb008a85Bb34A9C6329d8cF5A751
IexecPoco1Delegate: 0xe4ea4458D2eefb008a85Bb34A9C6329d8cF5A751
Deploying at 0x0baab4c4a384776a3198A4c31285b0bbc17Bf937
IexecPoco2Delegate: 0x0baab4c4a384776a3198A4c31285b0bbc17Bf937
Deploying at 0xaa17beDC2fea679dF13808c088547d3E1BaE555e
IexecRelayDelegate: 0xaa17beDC2fea679dF13808c088547d3E1BaE555e
Deploying at 0x0E6F26B71EeC5673446aE1C47DdDC8b965edbF8d
ENSIntegrationDelegate: 0x0E6F26B71EeC5673446aE1C47DdDC8b965edbF8d
Deploying at 0x323f44A8A9fB49eAa91b685970Ad6060befDE92A
IexecMaintenanceExtraDelegate: 0x323f44A8A9fB49eAa91b685970Ad6060befDE92A
Deploying at 0xd9566944d1e6bd57B112a84c4F267fA15Fbe438C
IexecPocoAccessorsDelegate: 0xd9566944d1e6bd57B112a84c4F267fA15Fbe438C
Deploying at 0xf93D52cEf5C70C7c669DF3C52E8b926e04bF3a23
IexecPocoBoostDelegate: 0xf93D52cEf5C70C7c669DF3C52E8b926e04bF3a23
Deploying at 0x7d5e3be2363F9Ed55d43cA28adABb01C3A74F0A6
IexecPocoBoostAccessorsDelegate: 0x7d5e3be2363F9Ed55d43cA28adABb01C3A74F0A6
The deployed ERC1538Proxy now supports 100 functions:
Deploying at 0xF97528eE5E85F00b167359adE7F43672f5BE1485
AppRegistry: 0xF97528eE5E85F00b167359adE7F43672f5BE1485
Deploying at 0xFdf03FBC06e7d42A969B88a51FFA81d34c717853
DatasetRegistry: 0xFdf03FBC06e7d42A969B88a51FFA81d34c717853
Deploying at 0xfC0Fde28D3c56fd912Ba483E32f243e9B421B491
WorkerpoolRegistry: 0xfC0Fde28D3c56fd912Ba483E32f243e9B421B491
countCategory is now: 5 (was 0)
Category 0: XS,"",300
Category 1: S,"",1200
Category 2: M,"",3600
Category 3: L,"",10800
Category 4: XL,"",36000
Deploying and configuring ENS..
ENSRegistry: 0xCD8a1C3ba11CF5ECfa6267617243239504a98d90
PublicResolver: 0x82e01223d51Eb87e16A03E24687EDF0F294da6f1
ReverseRegistrar: 0x2bdCC0de6bE1f7D2ee689a0342D76F52E8EFABa3
FIFSRegistrar for domain : 0x7969c5eD335650692Bc04293B07F5BF2e7A673C0
FIFSRegistrar for domain eth: 0xcbEAF3BDe82155F56486Fb5a1072cb8baAf547cc
FIFSRegistrar for domain iexec.eth: 0xB0D4afd8879eD9F52b28595d31B441D079B2Ca07
FIFSRegistrar for domain v5.iexec.eth: 0x922D6956C99E12DFeB3224DEA977D0939758A1Fe
FIFSRegistrar for domain users.iexec.eth: 0x1fA02b2d6A771842690194Cf62D91bdd92BfE28d
FIFSRegistrar for domain apps.iexec.eth: 0x04C89607413713Ec9775E14b954286519d836FEf
FIFSRegistrar for domain datasets.iexec.eth: 0x21dF544947ba3E8b3c32561399E88B52Dc8b2823
FIFSRegistrar for domain pools.iexec.eth: 0xD8a5a9b31c3C0232E196d518E89Fd8bF83AcAd43

