Onchain diamond proxy has 14 facets and 98 total functions:
- allowance (IexecPocoAccessorsFacet:0x56625089...)
- appregistry (IexecPocoAccessorsFacet:0x56625089...)
- approve (IexecERC20Facet:0xB0152eC6...)
- approveAndCall (IexecERC20Facet:0xB0152eC6...)
- assertDatasetDealCompatibility (IexecPoco1Facet:0xBb442394...)
- balanceOf (IexecPocoAccessorsFacet:0x56625089...)
- broadcastAppOrder (IexecRelayFacet:0x8cBf5826...)
- broadcastDatasetOrder (IexecRelayFacet:0x8cBf5826...)
- broadcastRequestOrder (IexecRelayFacet:0x8cBf5826...)
- broadcastWorkerpoolOrder (IexecRelayFacet:0x8cBf5826...)
- callbackgas (IexecPocoAccessorsFacet:0x56625089...)
- changeRegistries (IexecConfigurationExtraFacet:0x7Ff117E7...)
- claim (IexecPoco2Facet:0x5c7B589E...)
- claimArray (IexecPoco2Facet:0x5c7B589E...)
- computeDealVolume (IexecPocoAccessorsFacet:0x56625089...)
- configure (IexecConfigurationFacet:0x88eb05e6...)
- contribute (IexecPoco2Facet:0x5c7B589E...)
- contributeAndFinalize (IexecPoco2Facet:0x5c7B589E...)
- contribution_deadline_ratio (IexecPocoAccessorsFacet:0x56625089...)
- countCategory (IexecPocoAccessorsFacet:0x56625089...)
- createCategory (IexecCategoryManagerFacet:0x5f0483b9...)
- datasetregistry (IexecPocoAccessorsFacet:0x56625089...)
- decimals (IexecPocoAccessorsFacet:0x56625089...)
- decreaseAllowance (IexecERC20Facet:0xB0152eC6...)
- deposit (IexecEscrowTokenFacet:0xd9EB17A1...)
- depositFor (IexecEscrowTokenFacet:0xd9EB17A1...)
- depositForArray (IexecEscrowTokenFacet:0xd9EB17A1...)
- diamondCut (DiamondCutFacet:0x6A4ccf44...)
- domain (IexecConfigurationFacet:0x88eb05e6...)
- eip712domain_separator (IexecPocoAccessorsFacet:0x56625089...)
- facetAddress (DiamondLoupeFacet:0xf509a222...)
- facetAddresses (DiamondLoupeFacet:0xf509a222...)
- facetFunctionSelectors (DiamondLoupeFacet:0xf509a222...)
- facets (DiamondLoupeFacet:0xf509a222...)
- fallback (IexecEscrowTokenFacet:0xd9EB17A1...)
- final_deadline_ratio (IexecPocoAccessorsFacet:0x56625089...)
- finalize (IexecPoco2Facet:0x5c7B589E...)
- frozenOf (IexecPocoAccessorsFacet:0x56625089...)
- groupmember_purpose (IexecPocoAccessorsFacet:0x56625089...)
- importScore (IexecConfigurationFacet:0x88eb05e6...)
- increaseAllowance (IexecERC20Facet:0xB0152eC6...)
- initialize (IexecPoco2Facet:0x5c7B589E...)
- initializeAndClaimArray (IexecPoco2Facet:0x5c7B589E...)
- initializeArray (IexecPoco2Facet:0x5c7B589E...)
- kitty_address (IexecPocoAccessorsFacet:0x56625089...)
- kitty_min (IexecPocoAccessorsFacet:0x56625089...)
- kitty_ratio (IexecPocoAccessorsFacet:0x56625089...)
- manageAppOrder (IexecOrderManagementFacet:0x541d532E...)
- manageDatasetOrder (IexecOrderManagementFacet:0x541d532E...)
- manageRequestOrder (IexecOrderManagementFacet:0x541d532E...)
- manageWorkerpoolOrder (IexecOrderManagementFacet:0x541d532E...)
- matchOrders (IexecPoco1Facet:0xBb442394...)
- name (IexecPocoAccessorsFacet:0x56625089...)
- owner (OwnershipFacet:0x606CfE8B...)
- receive (IexecEscrowTokenFacet:0xd9EB17A1...)
- receiveApproval (IexecEscrowTokenFacet:0xd9EB17A1...)
- recover (IexecEscrowTokenFacet:0xd9EB17A1...)
- reopen (IexecPoco2Facet:0x5c7B589E...)
- resultFor (IexecPocoAccessorsFacet:0x56625089...)
- reveal (IexecPoco2Facet:0x5c7B589E...)
- reveal_deadline_ratio (IexecPocoAccessorsFacet:0x56625089...)
- setCallbackGas (IexecConfigurationFacet:0x88eb05e6...)
- setTeeBroker (IexecConfigurationFacet:0x88eb05e6...)
- sponsorMatchOrders (IexecPoco1Facet:0xBb442394...)
- supportsInterface (DiamondLoupeFacet:0xf509a222...)
- symbol (IexecPocoAccessorsFacet:0x56625089...)
- teebroker (IexecPocoAccessorsFacet:0x56625089...)
- token (IexecPocoAccessorsFacet:0x56625089...)
- totalSupply (IexecPocoAccessorsFacet:0x56625089...)
- transfer (IexecERC20Facet:0xB0152eC6...)
- transferFrom (IexecERC20Facet:0xB0152eC6...)
- transferOwnership (OwnershipFacet:0x606CfE8B...)
- updateDomainSeparator (IexecConfigurationFacet:0x88eb05e6...)
- verifyPresignature (IexecPoco1Facet:0xBb442394...)
- verifyPresignatureOrSignature (IexecPoco1Facet:0xBb442394...)
- verifySignature (IexecPoco1Facet:0xBb442394...)
- viewAccount (IexecPocoAccessorsFacet:0x56625089...)
- viewAccountABILegacy (IexecAccessorsABILegacyFacet:0x56CDC323...)
- viewApp (IexecPocoAccessorsFacet:0x56625089...)
- viewCategory (IexecPocoAccessorsFacet:0x56625089...)
- viewCategoryABILegacy (IexecAccessorsABILegacyFacet:0x56CDC323...)
- viewConfigABILegacy (IexecAccessorsABILegacyFacet:0x56CDC323...)
- viewConsumed (IexecPocoAccessorsFacet:0x56625089...)
- viewContribution (IexecPocoAccessorsFacet:0x56625089...)
- viewContributionABILegacy (IexecAccessorsABILegacyFacet:0x56CDC323...)
- viewDataset (IexecPocoAccessorsFacet:0x56625089...)
- viewDeal (IexecPocoAccessorsFacet:0x56625089...)
- viewDealABILegacy_pt1 (IexecAccessorsABILegacyFacet:0x56CDC323...)
- viewDealABILegacy_pt2 (IexecAccessorsABILegacyFacet:0x56CDC323...)
- viewPresigned (IexecPocoAccessorsFacet:0x56625089...)
- viewScore (IexecPocoAccessorsFacet:0x56625089...)
- viewTask (IexecPocoAccessorsFacet:0x56625089...)
- viewTaskABILegacy (IexecAccessorsABILegacyFacet:0x56CDC323...)
- viewWorkerpool (IexecPocoAccessorsFacet:0x56625089...)
- withdraw (IexecEscrowTokenFacet:0xd9EB17A1...)
- withdrawTo (IexecEscrowTokenFacet:0xd9EB17A1...)
- workerpool_stake_ratio (IexecPocoAccessorsFacet:0x56625089...)
- workerpoolregistry (IexecPocoAccessorsFacet:0x56625089...)
